*** Starting uWSGI 2.0.17.1 (64bit) on [Mon Mar  4 14:31:16 2019] ***
compiled with version: 6.3.0 20170516 on 04 March 2019 14:30:32
os: Linux-4.9.125-linuxkit #1 SMP Fri Sep 7 08:20:28 UTC 2018
nodename: 052ea75b98d3
machine: x86_64
clock source: unix
pcre jit disabled
detected number of CPU cores: 2
current working directory: /usr/src/app
writing pidfile to uwsgi/run/uwsgi9001.pid
detected binary path: /usr/local/bin/uwsgi
uWSGI running as root, you can use --uid/--gid/--chroot options
*** WARNING: you are running uWSGI as root !!! (use the --uid flag) *** 
chdir() to .
limiting address space of processes...
your process address space limit is 536870912 bytes (512 MB)
your memory page size is 4096 bytes
detected max file descriptor number: 1048576
VirtualHosting mode enabled.
lock engine: pthread robust mutexes
thunder lock: disabled (you can enable it with --thunder-lock)
uWSGI http bound on 0:80 fd 4
uwsgi socket 0 bound to TCP address 127.0.0.1:43903 (port auto-assigned) fd 3
uWSGI running as root, you can use --uid/--gid/--chroot options
*** WARNING: you are running uWSGI as root !!! (use the --uid flag) *** 
Python version: 3.7.2 (default, Mar  2 2019, 05:41:34)  [GCC 6.3.0 20170516]
Python main interpreter initialized at 0x55b1b9d4a5b0
uWSGI running as root, you can use --uid/--gid/--chroot options
*** WARNING: you are running uWSGI as root !!! (use the --uid flag) *** 
python threads support enabled
your server socket listen backlog is limited to 100 connections
your mercy for graceful operations on workers is 60 seconds
mapped 405552 bytes (396 KB) for 4 cores
*** Operational MODE: preforking+threaded ***
WSGI app 0 (mountpoint='') ready in 3 seconds on interpreter 0x55b1b9d4a5b0 pid: 10 (default app)
uWSGI running as root, you can use --uid/--gid/--chroot options
*** WARNING: you are running uWSGI as root !!! (use the --uid flag) *** 
*** uWSGI is running in multiple interpreter mode ***
spawned uWSGI master process (pid: 10)
spawned uWSGI worker 1 (pid: 12, cores: 2)
spawned uWSGI worker 2 (pid: 13, cores: 2)
*** Stats server enabled on 0:9192 fd: 14 ***
spawned uWSGI http 1 (pid: 14)
===========================
/
-------------
采集访问记录异常
(2003, "Can't connect to MySQL server on '10.11.10.1' ([Errno 111] Connection refused)")
localhost [pid: 12|app: 0|req: 1/1] 10.11.0.1 () {40 vars in 704 bytes} [Mon Mar  4 22:31:26 2019] GET / => generated 1555 bytes in 3120 msecs (HTTP/1.1 200) 5 headers in 178 bytes (1 switches on core 0)
===========================
/
-------------
采集访问记录异常
(1146, "Table 'mysite.xiaobing_ipinfo' doesn't exist")
localhost [pid: 12|app: 0|req: 2/2] 10.11.0.1 () {40 vars in 704 bytes} [Mon Mar  4 22:32:30 2019] GET / => generated 1555 bytes in 2159 msecs (HTTP/1.1 200) 5 headers in 178 bytes (1 switches on core 1)
===========================
/static/bootstrap-jq/css/bootstrap.min.css
===========================
/static/bootstrap-jq/css/ace.min.css
===========================
/static/bootstrap-jq/css/fonts.googleapis.com.css
===========================
/static/bootstrap-jq/css/common.css
localhost [pid: 12|app: 0|req: 4/3] 10.11.0.1 () {42 vars in 772 bytes} [Mon Mar  4 22:32:32 2019] GET /static/bootstrap-jq/css/bootstrap.min.css => generated 115813 bytes in 37 msecs via sendfile() (HTTP/1.1 200) 4 headers in 142 bytes (0 switches on core 0)
===========================
/static/user-defind/user-defined.css
localhost [pid: 12|app: 0|req: 5/4] 10.11.0.1 () {42 vars in 760 bytes} [Mon Mar  4 22:32:32 2019] GET /static/user-defind/user-defined.css => generated 0 bytes in 18 msecs (HTTP/1.1 304) 4 headers in 145 bytes (0 switches on core 0)
localhost [pid: 12|app: 0|req: 5/5] 10.11.0.1 () {42 vars in 758 bytes} [Mon Mar  4 22:32:32 2019] GET /static/bootstrap-jq/css/common.css => generated 0 bytes in 55 msecs (HTTP/1.1 304) 4 headers in 145 bytes (0 switches on core 1)
localhost [pid: 13|app: 0|req: 2/6] 10.11.0.1 () {42 vars in 786 bytes} [Mon Mar  4 22:32:32 2019] GET /static/bootstrap-jq/css/fonts.googleapis.com.css => generated 494 bytes in 88 msecs via sendfile() (HTTP/1.1 200) 4 headers in 139 bytes (0 switches on core 1)
localhost [pid: 13|app: 0|req: 2/7] 10.11.0.1 () {42 vars in 760 bytes} [Mon Mar  4 22:32:32 2019] GET /static/bootstrap-jq/css/ace.min.css => generated 396938 bytes in 105 msecs via sendfile() (HTTP/1.1 200) 4 headers in 142 bytes (0 switches on core 0)
*** Starting uWSGI 2.0.17.1 (64bit) on [Mon Mar  4 14:33:11 2019] ***
compiled with version: 6.3.0 20170516 on 04 March 2019 14:30:32
os: Linux-4.9.125-linuxkit #1 SMP Fri Sep 7 08:20:28 UTC 2018
nodename: 052ea75b98d3
machine: x86_64
clock source: unix
pcre jit disabled
detected number of CPU cores: 2
current working directory: /usr/src/app
writing pidfile to uwsgi/run/uwsgi9001.pid
detected binary path: /usr/local/bin/uwsgi
uWSGI running as root, you can use --uid/--gid/--chroot options
*** WARNING: you are running uWSGI as root !!! (use the --uid flag) *** 
chdir() to .
limiting address space of processes...
your process address space limit is 536870912 bytes (512 MB)
your memory page size is 4096 bytes
detected max file descriptor number: 1048576
VirtualHosting mode enabled.
lock engine: pthread robust mutexes
thunder lock: disabled (you can enable it with --thunder-lock)
uWSGI http bound on 0:80 fd 4
uwsgi socket 0 bound to TCP address 127.0.0.1:46285 (port auto-assigned) fd 3
uWSGI running as root, you can use --uid/--gid/--chroot options
*** WARNING: you are running uWSGI as root !!! (use the --uid flag) *** 
Python version: 3.7.2 (default, Mar  2 2019, 05:41:34)  [GCC 6.3.0 20170516]
Python main interpreter initialized at 0x5630981235b0
uWSGI running as root, you can use --uid/--gid/--chroot options
*** WARNING: you are running uWSGI as root !!! (use the --uid flag) *** 
python threads support enabled
your server socket listen backlog is limited to 100 connections
your mercy for graceful operations on workers is 60 seconds
mapped 405552 bytes (396 KB) for 4 cores
*** Operational MODE: preforking+threaded ***
WSGI app 0 (mountpoint='') ready in 2 seconds on interpreter 0x5630981235b0 pid: 10 (default app)
uWSGI running as root, you can use --uid/--gid/--chroot options
*** WARNING: you are running uWSGI as root !!! (use the --uid flag) *** 
*** uWSGI is running in multiple interpreter mode ***
spawned uWSGI master process (pid: 10)
spawned uWSGI worker 1 (pid: 13, cores: 2)
spawned uWSGI worker 2 (pid: 15, cores: 2)
*** Stats server enabled on 0:9192 fd: 14 ***
spawned uWSGI http 1 (pid: 17)
===========================
/favicon.ico
localhost [pid: 15|app: 0|req: 1/1] 10.11.0.1 () {38 vars in 630 bytes} [Mon Mar  4 22:33:20 2019] GET /favicon.ico => generated 77 bytes in 395 msecs (HTTP/1.1 404) 3 headers in 100 bytes (1 switches on core 0)
*** Starting uWSGI 2.0.17.1 (64bit) on [Mon Mar  4 14:35:40 2019] ***
compiled with version: 6.3.0 20170516 on 04 March 2019 14:30:32
os: Linux-4.9.125-linuxkit #1 SMP Fri Sep 7 08:20:28 UTC 2018
nodename: 052ea75b98d3
machine: x86_64
clock source: unix
pcre jit disabled
detected number of CPU cores: 2
current working directory: /usr/src/app
writing pidfile to uwsgi/run/uwsgi9001.pid
detected binary path: /usr/local/bin/uwsgi
uWSGI running as root, you can use --uid/--gid/--chroot options
*** WARNING: you are running uWSGI as root !!! (use the --uid flag) *** 
chdir() to .
limiting address space of processes...
your process address space limit is 536870912 bytes (512 MB)
your memory page size is 4096 bytes
detected max file descriptor number: 1048576
VirtualHosting mode enabled.
lock engine: pthread robust mutexes
thunder lock: disabled (you can enable it with --thunder-lock)
uWSGI http bound on 0:80 fd 4
uwsgi socket 0 bound to TCP address 127.0.0.1:34917 (port auto-assigned) fd 3
uWSGI running as root, you can use --uid/--gid/--chroot options
*** WARNING: you are running uWSGI as root !!! (use the --uid flag) *** 
Python version: 3.7.2 (default, Mar  2 2019, 05:41:34)  [GCC 6.3.0 20170516]
Python main interpreter initialized at 0x55775a5e35b0
uWSGI running as root, you can use --uid/--gid/--chroot options
*** WARNING: you are running uWSGI as root !!! (use the --uid flag) *** 
python threads support enabled
your server socket listen backlog is limited to 100 connections
your mercy for graceful operations on workers is 60 seconds
mapped 405552 bytes (396 KB) for 4 cores
*** Operational MODE: preforking+threaded ***
WSGI app 0 (mountpoint='') ready in 3 seconds on interpreter 0x55775a5e35b0 pid: 12 (default app)
uWSGI running as root, you can use --uid/--gid/--chroot options
*** WARNING: you are running uWSGI as root !!! (use the --uid flag) *** 
*** uWSGI is running in multiple interpreter mode ***
spawned uWSGI master process (pid: 12)
spawned uWSGI worker 1 (pid: 14, cores: 2)
spawned uWSGI worker 2 (pid: 16, cores: 2)
*** Stats server enabled on 0:9192 fd: 14 ***
spawned uWSGI http 1 (pid: 18)
*** Starting uWSGI 2.0.17.1 (64bit) on [Mon Mar  4 14:36:00 2019] ***
compiled with version: 6.3.0 20170516 on 04 March 2019 14:30:32
os: Linux-4.9.125-linuxkit #1 SMP Fri Sep 7 08:20:28 UTC 2018
nodename: 052ea75b98d3
machine: x86_64
clock source: unix
pcre jit disabled
detected number of CPU cores: 2
current working directory: /usr/src/app
writing pidfile to uwsgi/run/uwsgi9001.pid
detected binary path: /usr/local/bin/uwsgi
uWSGI running as root, you can use --uid/--gid/--chroot options
*** WARNING: you are running uWSGI as root !!! (use the --uid flag) *** 
chdir() to .
limiting address space of processes...
your process address space limit is 536870912 bytes (512 MB)
your memory page size is 4096 bytes
detected max file descriptor number: 1048576
VirtualHosting mode enabled.
lock engine: pthread robust mutexes
thunder lock: disabled (you can enable it with --thunder-lock)
uWSGI http bound on 0:80 fd 4
uwsgi socket 0 bound to TCP address 127.0.0.1:46759 (port auto-assigned) fd 3
uWSGI running as root, you can use --uid/--gid/--chroot options
*** WARNING: you are running uWSGI as root !!! (use the --uid flag) *** 
Python version: 3.7.2 (default, Mar  2 2019, 05:41:34)  [GCC 6.3.0 20170516]
Python main interpreter initialized at 0x5633d4ba75b0
uWSGI running as root, you can use --uid/--gid/--chroot options
*** WARNING: you are running uWSGI as root !!! (use the --uid flag) *** 
python threads support enabled
your server socket listen backlog is limited to 100 connections
your mercy for graceful operations on workers is 60 seconds
mapped 405552 bytes (396 KB) for 4 cores
*** Operational MODE: preforking+threaded ***
WSGI app 0 (mountpoint='') ready in 2 seconds on interpreter 0x5633d4ba75b0 pid: 10 (default app)
uWSGI running as root, you can use --uid/--gid/--chroot options
*** WARNING: you are running uWSGI as root !!! (use the --uid flag) *** 
*** uWSGI is running in multiple interpreter mode ***
spawned uWSGI master process (pid: 10)
spawned uWSGI worker 1 (pid: 12, cores: 2)
spawned uWSGI worker 2 (pid: 14, cores: 2)
*** Stats server enabled on 0:9192 fd: 14 ***
spawned uWSGI http 1 (pid: 16)
===========================
/xb/
xb.toolob.cn [pid: 12|app: 0|req: 1/1] 10.11.0.1 () {40 vars in 695 bytes} [Mon Mar  4 22:37:40 2019] GET /xb/ => generated 4947 bytes in 656 msecs (HTTP/1.1 401) 6 headers in 206 bytes (1 switches on core 0)
===========================
/xb/
xb.toolob.cn [pid: 12|app: 0|req: 2/2] 10.11.0.1 () {42 vars in 743 bytes} [Mon Mar  4 22:38:03 2019] GET /xb/ => generated 4947 bytes in 190 msecs (HTTP/1.1 401) 6 headers in 198 bytes (1 switches on core 1)
===========================
/static/rest_framework/css/bootstrap.min.css
===========================
===========================
/static/rest_framework/css/prettify.css
===========================
/static/rest_framework/css/bootstrap-tweaks.css
/static/rest_framework/css/default.css
xb.toolob.cn [pid: 12|app: 0|req: 4/3] 10.11.0.1 () {38 vars in 681 bytes} [Mon Mar  4 22:38:07 2019] GET /static/rest_framework/css/bootstrap.min.css => generated 121457 bytes in 33 msecs via sendfile() (HTTP/1.1 200) 4 headers in 142 bytes (0 switches on core 0)
===========================
/static/rest_framework/js/jquery-3.3.1.min.js
xb.toolob.cn [pid: 12|app: 0|req: 5/4] 10.11.0.1 () {38 vars in 687 bytes} [Mon Mar  4 22:38:07 2019] GET /static/rest_framework/css/bootstrap-tweaks.css => generated 3385 bytes in 64 msecs via sendfile() (HTTP/1.1 200) 4 headers in 140 bytes (0 switches on core 1)
===========================
/static/rest_framework/js/ajax-form.js
xb.toolob.cn [pid: 12|app: 0|req: 6/5] 10.11.0.1 () {38 vars in 668 bytes} [Mon Mar  4 22:38:07 2019] GET /static/rest_framework/js/jquery-3.3.1.min.js => generated 86927 bytes in 66 msecs via sendfile() (HTTP/1.1 200) 4 headers in 155 bytes (0 switches on core 0)
===========================
/static/rest_framework/js/bootstrap.min.js
xb.toolob.cn [pid: 12|app: 0|req: 7/6] 10.11.0.1 () {38 vars in 654 bytes} [Mon Mar  4 22:38:07 2019] GET /static/rest_framework/js/ajax-form.js => generated 3597 bytes in 69 msecs via sendfile() (HTTP/1.1 200) 4 headers in 154 bytes (0 switches on core 1)
xb.toolob.cn [pid: 12|app: 0|req: 7/7] 10.11.0.1 () {38 vars in 662 bytes} [Mon Mar  4 22:38:07 2019] GET /static/rest_framework/js/bootstrap.min.js => generated 37608 bytes in 40 msecs via sendfile() (HTTP/1.1 200) 4 headers in 155 bytes (0 switches on core 0)
===========================
===========================
/static/rest_framework/js/csrf.js
/static/rest_framework/js/default.js
xb.toolob.cn [pid: 12|app: 0|req: 9/8] 10.11.0.1 () {38 vars in 650 bytes} [Mon Mar  4 22:38:07 2019] GET /static/rest_framework/js/default.js => generated 1268 bytes in 38 msecs via sendfile() (HTTP/1.1 200) 4 headers in 154 bytes (0 switches on core 1)
===========================
/static/rest_framework/js/prettify-min.js
xb.toolob.cn [pid: 12|app: 0|req: 10/9] 10.11.0.1 () {38 vars in 644 bytes} [Mon Mar  4 22:38:07 2019] GET /static/rest_framework/js/csrf.js => generated 1735 bytes in 51 msecs via sendfile() (HTTP/1.1 200) 4 headers in 154 bytes (0 switches on core 0)
xb.toolob.cn [pid: 12|app: 0|req: 10/10] 10.11.0.1 () {38 vars in 660 bytes} [Mon Mar  4 22:38:07 2019] GET /static/rest_framework/js/prettify-min.js => generated 13632 bytes in 26 msecs via sendfile() (HTTP/1.1 200) 4 headers in 155 bytes (0 switches on core 1)
xb.toolob.cn [pid: 14|app: 0|req: 2/11] 10.11.0.1 () {38 vars in 669 bytes} [Mon Mar  4 22:38:07 2019] GET /static/rest_framework/css/default.css => generated 1131 bytes in 737 msecs via sendfile() (HTTP/1.1 200) 4 headers in 140 bytes (0 switches on core 1)
xb.toolob.cn [pid: 14|app: 0|req: 2/12] 10.11.0.1 () {38 vars in 671 bytes} [Mon Mar  4 22:38:07 2019] GET /static/rest_framework/css/prettify.css => generated 817 bytes in 743 msecs via sendfile() (HTTP/1.1 200) 4 headers in 139 bytes (0 switches on core 0)
===========================
/static/rest_framework/img/grid.png
xb.toolob.cn [pid: 14|app: 0|req: 3/13] 10.11.0.1 () {38 vars in 727 bytes} [Mon Mar  4 22:38:08 2019] GET /static/rest_framework/img/grid.png => generated 1458 bytes in 34 msecs via sendfile() (HTTP/1.1 200) 4 headers in 141 bytes (0 switches on core 1)
===========================
/favicon.ico
xb.toolob.cn [pid: 12|app: 0|req: 11/14] 10.11.0.1 () {42 vars in 691 bytes} [Mon Mar  4 22:38:08 2019] GET /favicon.ico => generated 77 bytes in 26 msecs (HTTP/1.1 404) 3 headers in 100 bytes (1 switches on core 0)
===========================
/
-------------
xb.toolob.cn [pid: 12|app: 0|req: 12/15] 10.11.0.1 () {38 vars in 658 bytes} [Mon Mar  4 22:38:12 2019] GET / => generated 5062 bytes in 2309 msecs (HTTP/1.1 200) 5 headers in 179 bytes (1 switches on core 1)
===========================
/static/bootstrap-jq/css/bootstrap.min.css
===========================
/static/bootstrap-jq/css/common.css
===========================
/static/bootstrap-jq/css/flat-ui.min.css
===========================
/static/bootstrap-jq/css/ace.min.css
xb.toolob.cn [pid: 12|app: 0|req: 14/16] 10.11.0.1 () {38 vars in 660 bytes} [Mon Mar  4 22:38:15 2019] GET /static/bootstrap-jq/css/common.css => generated 5603 bytes in 55 msecs via sendfile() (HTTP/1.1 200) 4 headers in 140 bytes (0 switches on core 0)
===========================
/static/5c5047cb279d2/css/app.css
xb.toolob.cn [pid: 14|app: 0|req: 5/17] 10.11.0.1 () {38 vars in 670 bytes} [Mon Mar  4 22:38:15 2019] GET /static/bootstrap-jq/css/flat-ui.min.css => generated 130596 bytes in 69 msecs via sendfile() (HTTP/1.1 200) 4 headers in 142 bytes (0 switches on core 1)
===========================
/static/5c5047cb279d2/css/swiper.min.css
xb.toolob.cn [pid: 14|app: 0|req: 6/18] 10.11.0.1 () {38 vars in 674 bytes} [Mon Mar  4 22:38:15 2019] GET /static/bootstrap-jq/css/bootstrap.min.css => generated 115813 bytes in 106 msecs via sendfile() (HTTP/1.1 200) 4 headers in 142 bytes (0 switches on core 0)
===========================
xb.toolob.cn [pid: 12|app: 0|req: 15/19] 10.11.0.1 () {38 vars in 662 bytes} [Mon Mar  4 22:38:15 2019] GET /static/bootstrap-jq/css/ace.min.css => generated 396938 bytes in 105 msecs via sendfile() (HTTP/1.1 200) 4 headers in 142 bytes (0 switches on core 1)
/static/user-defind/user-defined.css
===========================
/static/bootstrap-jq/css/fonts.googleapis.com.css
xb.toolob.cn [pid: 12|app: 0|req: 16/20] 10.11.0.1 () {40 vars in 743 bytes} [Mon Mar  4 22:38:15 2019] GET /static/bootstrap-jq/css/fonts.googleapis.com.css => generated 0 bytes in 18 msecs (HTTP/1.1 304) 4 headers in 145 bytes (0 switches on core 1)
===========================
/static/jquery-1.9.1.min.js
xb.toolob.cn [pid: 14|app: 0|req: 7/21] 10.11.0.1 () {40 vars in 717 bytes} [Mon Mar  4 22:38:15 2019] GET /static/user-defind/user-defined.css => generated 0 bytes in 41 msecs (HTTP/1.1 304) 4 headers in 145 bytes (0 switches on core 0)
===========================
/static/5c5047cb279d2/js/jquery.min.js
xb.toolob.cn [pid: 12|app: 0|req: 17/22] 10.11.0.1 () {38 vars in 656 bytes} [Mon Mar  4 22:38:15 2019] GET /static/5c5047cb279d2/css/app.css => generated 7707 bytes in 87 msecs via sendfile() (HTTP/1.1 200) 4 headers in 140 bytes (0 switches on core 0)
===========================
/static/5c5047cb279d2/js/swiper.min.js
xb.toolob.cn [pid: 14|app: 0|req: 8/23] 10.11.0.1 () {38 vars in 670 bytes} [Mon Mar  4 22:38:15 2019] GET /static/5c5047cb279d2/css/swiper.min.css => generated 17208 bytes in 118 msecs via sendfile() (HTTP/1.1 200) 4 headers in 141 bytes (0 switches on core 1)
===========================
/static/user-defind/user-defined.js
xb.toolob.cn [pid: 12|app: 0|req: 18/24] 10.11.0.1 () {38 vars in 629 bytes} [Mon Mar  4 22:38:15 2019] GET /static/jquery-1.9.1.min.js => generated 92629 bytes in 80 msecs via sendfile() (HTTP/1.1 200) 4 headers in 155 bytes (0 switches on core 1)
===========================
xb.toolob.cn [pid: 12|app: 0|req: 19/25] 10.11.0.1 () {38 vars in 651 bytes} [Mon Mar  4 22:38:15 2019] GET /static/5c5047cb279d2/js/swiper.min.js => generated 78313 bytes in 59 msecs via sendfile() (HTTP/1.1 200) 4 headers in 155 bytes (0 switches on core 0)
xb.toolob.cn [pid: 14|app: 0|req: 9/26] 10.11.0.1 () {38 vars in 651 bytes} [Mon Mar  4 22:38:15 2019] GET /static/5c5047cb279d2/js/jquery.min.js => generated 96473 bytes in 72 msecs via sendfile() (HTTP/1.1 200) 4 headers in 155 bytes (0 switches on core 0)
/static/5c5047cb279d2/js/rem.js
xb.toolob.cn [pid: 14|app: 0|req: 9/27] 10.11.0.1 () {38 vars in 645 bytes} [Mon Mar  4 22:38:15 2019] GET /static/user-defind/user-defined.js => generated 4356 bytes in 54 msecs via sendfile() (HTTP/1.1 200) 4 headers in 154 bytes (0 switches on core 1)
xb.toolob.cn [pid: 12|app: 0|req: 19/28] 10.11.0.1 () {40 vars in 692 bytes} [Mon Mar  4 22:38:15 2019] GET /static/5c5047cb279d2/js/rem.js => generated 0 bytes in 51 msecs (HTTP/1.1 304) 4 headers in 145 bytes (0 switches on core 1)
===========================
/xb/orderType
xb.toolob.cn [pid: 14|app: 0|req: 10/29] 10.11.0.1 () {40 vars in 640 bytes} [Mon Mar  4 22:38:15 2019] GET /xb/orderType => generated 2 bytes in 36 msecs (HTTP/1.1 200) 7 headers in 222 bytes (1 switches on core 0)
===========================
/
-------------
xb.toolob.cn [pid: 14|app: 0|req: 11/30] 10.11.0.1 () {40 vars in 689 bytes} [Mon Mar  4 22:38:20 2019] GET / => generated 5062 bytes in 2221 msecs (HTTP/1.1 200) 5 headers in 179 bytes (1 switches on core 1)
===========================
/
-------------
xb.toolob.cn [pid: 14|app: 0|req: 12/31] 10.11.0.1 () {40 vars in 689 bytes} [Mon Mar  4 22:38:24 2019] GET / => generated 5062 bytes in 2081 msecs (HTTP/1.1 200) 5 headers in 179 bytes (1 switches on core 0)
*** Starting uWSGI 2.0.17.1 (64bit) on [Mon Mar  4 14:44:13 2019] ***
compiled with version: 6.3.0 20170516 on 04 March 2019 14:43:32
os: Linux-4.9.125-linuxkit #1 SMP Fri Sep 7 08:20:28 UTC 2018
nodename: c695a289c6e5
machine: x86_64
clock source: unix
pcre jit disabled
detected number of CPU cores: 2
current working directory: /usr/src/app
writing pidfile to uwsgi/run/uwsgi9001.pid
detected binary path: /usr/local/bin/uwsgi
uWSGI running as root, you can use --uid/--gid/--chroot options
*** WARNING: you are running uWSGI as root !!! (use the --uid flag) *** 
chdir() to .
limiting address space of processes...
your process address space limit is 536870912 bytes (512 MB)
your memory page size is 4096 bytes
detected max file descriptor number: 1048576
VirtualHosting mode enabled.
lock engine: pthread robust mutexes
thunder lock: disabled (you can enable it with --thunder-lock)
uWSGI http bound on 0:80 fd 4
uwsgi socket 0 bound to TCP address 127.0.0.1:36419 (port auto-assigned) fd 3
uWSGI running as root, you can use --uid/--gid/--chroot options
*** WARNING: you are running uWSGI as root !!! (use the --uid flag) *** 
Python version: 3.7.2 (default, Mar  2 2019, 05:41:34)  [GCC 6.3.0 20170516]
Python main interpreter initialized at 0x55c88f8785b0
uWSGI running as root, you can use --uid/--gid/--chroot options
*** WARNING: you are running uWSGI as root !!! (use the --uid flag) *** 
python threads support enabled
your server socket listen backlog is limited to 100 connections
your mercy for graceful operations on workers is 60 seconds
mapped 405552 bytes (396 KB) for 4 cores
*** Operational MODE: preforking+threaded ***
WSGI app 0 (mountpoint='') ready in 3 seconds on interpreter 0x55c88f8785b0 pid: 10 (default app)
uWSGI running as root, you can use --uid/--gid/--chroot options
*** WARNING: you are running uWSGI as root !!! (use the --uid flag) *** 
*** uWSGI is running in multiple interpreter mode ***
spawned uWSGI master process (pid: 10)
spawned uWSGI worker 1 (pid: 12, cores: 2)
spawned uWSGI worker 2 (pid: 14, cores: 2)
*** Stats server enabled on 0:9192 fd: 14 ***
spawned uWSGI http 1 (pid: 16)
===========================
/
-------------
采集访问记录异常
(1146, "Table 'mysite.xiaobing_ipinfo' doesn't exist")
localhost [pid: 12|app: 0|req: 1/1] 10.11.0.1 () {40 vars in 704 bytes} [Mon Mar  4 22:51:17 2019] GET / => generated 1555 bytes in 2804 msecs (HTTP/1.1 200) 5 headers in 178 bytes (1 switches on core 0)
===========================
/static/bootstrap-jq/css/common.css
===========================
/static/user-defind/user-defined.css
localhost [pid: 12|app: 0|req: 2/2] 10.11.0.1 () {42 vars in 758 bytes} [Mon Mar  4 22:51:20 2019] GET /static/bootstrap-jq/css/common.css => generated 0 bytes in 19 msecs (HTTP/1.1 304) 4 headers in 145 bytes (0 switches on core 1)
localhost [pid: 14|app: 0|req: 1/3] 10.11.0.1 () {42 vars in 760 bytes} [Mon Mar  4 22:51:20 2019] GET /static/user-defind/user-defined.css => generated 0 bytes in 102 msecs (HTTP/1.1 304) 4 headers in 145 bytes (0 switches on core 0)
===========================
/
-------------
采集访问记录异常
(1146, "Table 'mysite.xiaobing_ipinfo' doesn't exist")
xb.toolob.cn [pid: 12|app: 0|req: 3/4] 10.11.0.1 () {40 vars in 689 bytes} [Mon Mar  4 22:51:30 2019] GET / => generated 5062 bytes in 2582 msecs (HTTP/1.1 200) 5 headers in 179 bytes (1 switches on core 0)
===========================
/static/bootstrap-jq/css/fonts.googleapis.com.css
===========================
/static/user-defind/user-defined.css
===========================
/static/5c5047cb279d2/js/rem.js
xb.toolob.cn [pid: 12|app: 0|req: 4/5] 10.11.0.1 () {40 vars in 717 bytes} [Mon Mar  4 22:51:33 2019] GET /static/user-defind/user-defined.css => generated 0 bytes in 25 msecs (HTTP/1.1 304) 4 headers in 145 bytes (0 switches on core 1)
xb.toolob.cn [pid: 14|app: 0|req: 3/6] 10.11.0.1 () {40 vars in 692 bytes} [Mon Mar  4 22:51:33 2019] GET /static/5c5047cb279d2/js/rem.js => generated 0 bytes in 525 msecs (HTTP/1.1 304) 4 headers in 145 bytes (0 switches on core 0)
xb.toolob.cn [pid: 14|app: 0|req: 3/7] 10.11.0.1 () {40 vars in 743 bytes} [Mon Mar  4 22:51:33 2019] GET /static/bootstrap-jq/css/fonts.googleapis.com.css => generated 0 bytes in 546 msecs (HTTP/1.1 304) 4 headers in 145 bytes (0 switches on core 1)
===========================
/xb/orderType
xb.toolob.cn [pid: 14|app: 0|req: 4/8] 10.11.0.1 () {40 vars in 638 bytes} [Mon Mar  4 22:51:33 2019] GET /xb/orderType => generated 27 bytes in 159 msecs (HTTP/1.1 500) 4 headers in 126 bytes (1 switches on core 0)
===========================
/
-------------
xb.toolob.cn [pid: 14|app: 0|req: 5/9] 10.11.0.1 () {40 vars in 688 bytes} [Mon Mar  4 22:53:37 2019] GET / => generated 5062 bytes in 2244 msecs (HTTP/1.1 200) 5 headers in 179 bytes (1 switches on core 1)
===========================
/xb/orderType
xb.toolob.cn [pid: 14|app: 0|req: 6/10] 10.11.0.1 () {40 vars in 639 bytes} [Mon Mar  4 22:53:39 2019] GET /xb/orderType => generated 559 bytes in 35 msecs (HTTP/1.1 200) 7 headers in 224 bytes (1 switches on core 0)
===========================
/xb/order
xb.toolob.cn [pid: 12|app: 0|req: 5/11] 10.11.0.1 () {40 vars in 654 bytes} [Mon Mar  4 22:53:39 2019] GET /xb/order?orderType=1 => generated 7248 bytes in 43 msecs (HTTP/1.1 200) 7 headers in 225 bytes (1 switches on core 0)
===========================
/xb/order/235
xb.toolob.cn [pid: 14|app: 0|req: 7/12] 10.11.0.1 () {40 vars in 639 bytes} [Mon Mar  4 22:53:44 2019] GET /xb/order/235 => generated 636 bytes in 19 msecs (HTTP/1.1 200) 7 headers in 238 bytes (1 switches on core 1)
===========================
/xb/order/236
xb.toolob.cn [pid: 14|app: 0|req: 8/13] 10.11.0.1 () {40 vars in 639 bytes} [Mon Mar  4 22:53:44 2019] GET /xb/order/236 => generated 592 bytes in 16 msecs (HTTP/1.1 200) 7 headers in 238 bytes (1 switches on core 0)
===========================
/xb/order/234
xb.toolob.cn [pid: 12|app: 0|req: 6/14] 10.11.0.1 () {40 vars in 640 bytes} [Mon Mar  4 22:53:46 2019] GET /xb/order/234 => generated 342 bytes in 16 msecs (HTTP/1.1 200) 7 headers in 238 bytes (1 switches on core 1)
===========================
/xb/order/233
xb.toolob.cn [pid: 14|app: 0|req: 9/15] 10.11.0.1 () {40 vars in 640 bytes} [Mon Mar  4 22:53:46 2019] GET /xb/order/233 => generated 310 bytes in 20 msecs (HTTP/1.1 200) 7 headers in 238 bytes (1 switches on core 1)
===========================
/xb/order/237
xb.toolob.cn [pid: 14|app: 0|req: 10/16] 10.11.0.1 () {40 vars in 640 bytes} [Mon Mar  4 22:53:47 2019] GET /xb/order/237 => generated 306 bytes in 19 msecs (HTTP/1.1 200) 7 headers in 238 bytes (1 switches on core 0)
===========================
/xb/order/241
xb.toolob.cn [pid: 12|app: 0|req: 7/17] 10.11.0.1 () {40 vars in 640 bytes} [Mon Mar  4 22:53:48 2019] GET /xb/order/241 => generated 470 bytes in 20 msecs (HTTP/1.1 200) 7 headers in 238 bytes (1 switches on core 0)
===========================
/xb/order
xb.toolob.cn [pid: 12|app: 0|req: 8/18] 10.11.0.1 () {40 vars in 655 bytes} [Mon Mar  4 22:53:50 2019] GET /xb/order?orderType=6 => generated 1511 bytes in 47 msecs (HTTP/1.1 200) 7 headers in 225 bytes (1 switches on core 1)
===========================
/xb/order/304
xb.toolob.cn [pid: 14|app: 0|req: 11/19] 10.11.0.1 () {40 vars in 640 bytes} [Mon Mar  4 22:53:51 2019] GET /xb/order/304 => generated 1509 bytes in 13 msecs (HTTP/1.1 200) 7 headers in 239 bytes (1 switches on core 0)
===========================
/xb/order
xb.toolob.cn [pid: 12|app: 0|req: 9/20] 10.11.0.1 () {40 vars in 655 bytes} [Mon Mar  4 22:53:52 2019] GET /xb/order?orderType=4 => generated 6343 bytes in 57 msecs (HTTP/1.1 200) 7 headers in 225 bytes (1 switches on core 0)
===========================
/xb/order/287
xb.toolob.cn [pid: 14|app: 0|req: 12/21] 10.11.0.1 () {40 vars in 640 bytes} [Mon Mar  4 22:53:53 2019] GET /xb/order/287 => generated 296 bytes in 21 msecs (HTTP/1.1 200) 7 headers in 238 bytes (1 switches on core 1)
===========================
/xb/order/288
xb.toolob.cn [pid: 12|app: 0|req: 10/22] 10.11.0.1 () {40 vars in 640 bytes} [Mon Mar  4 22:53:54 2019] GET /xb/order/288 => generated 296 bytes in 16 msecs (HTTP/1.1 200) 7 headers in 238 bytes (1 switches on core 1)
===========================
/xb/order/289
xb.toolob.cn [pid: 12|app: 0|req: 11/23] 10.11.0.1 () {40 vars in 640 bytes} [Mon Mar  4 22:53:55 2019] GET /xb/order/289 => generated 304 bytes in 14 msecs (HTTP/1.1 200) 7 headers in 238 bytes (1 switches on core 0)
===========================
/xb/order
xb.toolob.cn [pid: 14|app: 0|req: 13/24] 10.11.0.1 () {40 vars in 655 bytes} [Mon Mar  4 22:53:56 2019] GET /xb/order?orderType=5 => generated 18078 bytes in 35 msecs (HTTP/1.1 200) 7 headers in 226 bytes (1 switches on core 0)
===========================
/xb/order
xb.toolob.cn [pid: 14|app: 0|req: 14/25] 10.11.0.1 () {40 vars in 655 bytes} [Mon Mar  4 22:54:02 2019] GET /xb/order?orderType=2 => generated 7397 bytes in 35 msecs (HTTP/1.1 200) 7 headers in 225 bytes (1 switches on core 1)
